<?xml version="1.0" encoding="UTF-8"?>
<!-- Generated by org.testng.reporters.JUnitReportReporter -->
<testsuite hostname="LAPTOP-KLR9KJ5L" failures="0" tests="1" name="group_01.MobileBrowserTest" time="6.783" errors="0" timestamp="2024-05-28T23:29:07 MDT" skipped="0">
  <testcase classname="group_01.MobileBrowserTest" name="browserTest" time="6.783"/>
</testsuite> <!-- group_01.MobileBrowserTest -->
