<?xml version="1.0" encoding="UTF-8"?>
<!-- Generated by org.testng.reporters.JUnitReportReporter -->
<testsuite hostname="LAPTOP-KLR9KJ5L" failures="0" tests="1" name="group_01.eCommerce_tc_3" time="25.771" errors="0" timestamp="2024-05-26T15:27:49 MDT" skipped="0">
  <testcase classname="group_01.eCommerce_tc_3" name="FillForm" time="25.771"/>
</testsuite> <!-- group_01.eCommerce_tc_3 -->
