<?xml version="1.0" encoding="UTF-8"?>
<!-- Generated by org.testng.reporters.JUnitReportReporter -->
<testsuite hostname="LAPTOP-KLR9KJ5L" failures="0" tests="1" name="group_01.eCommerce_tc_4" time="28.672" errors="0" timestamp="2024-05-26T22:01:25 MDT" skipped="0">
  <testcase classname="group_01.eCommerce_tc_4" name="FillForm" time="28.672"/>
</testsuite> <!-- group_01.eCommerce_tc_4 -->
