<?xml version="1.0" encoding="UTF-8"?>
<!-- Generated by org.testng.reporters.JUnitReportReporter -->
<testsuite hostname="LAPTOP-KLR9KJ5L" failures="0" tests="1" name="group_01.AssignmentS7" time="16.752" errors="0" timestamp="2024-03-13T21:01:51 MST" skipped="0">
  <testcase classname="group_01.AssignmentS7" name="AlertDialogsTest" time="16.752"/>
</testsuite> <!-- group_01.AssignmentS7 -->
