<?xml version="1.0" encoding="UTF-8"?>
<!-- Generated by org.testng.reporters.JUnitReportReporter -->
<testsuite hostname="LAPTOP-KLR9KJ5L" failures="0" tests="1" name="group_01.eCommerce_tc_1" time="15.842" errors="0" timestamp="2024-05-25T23:55:47 MDT" skipped="0">
  <testcase classname="group_01.eCommerce_tc_1" name="FillForm" time="15.842"/>
</testsuite> <!-- group_01.eCommerce_tc_1 -->
