<?xml version="1.0" encoding="UTF-8"?>
<!-- Generated by org.testng.reporters.JUnitReportReporter -->
<testsuite hostname="LAPTOP-KLR9KJ5L" failures="0" tests="1" name="group_01.SwipeDemo" time="7.039" errors="0" timestamp="2024-03-10T21:36:04 MST" skipped="0">
  <testcase classname="group_01.SwipeDemo" name="SwipeDemoTest" time="7.039"/>
</testsuite> <!-- group_01.SwipeDemo -->
