<?xml version="1.0" encoding="UTF-8"?>
<!-- Generated by org.testng.reporters.JUnitReportReporter -->
<testsuite hostname="LAPTOP-KLR9KJ5L" failures="0" tests="1" name="group_01.LongPress" time="9.342" errors="0" timestamp="2024-03-10T18:42:41 MST" skipped="0">
  <testcase classname="group_01.LongPress" name="LongPressGesture" time="9.342"/>
</testsuite> <!-- group_01.LongPress -->
