<?xml version="1.0" encoding="UTF-8"?>
<!-- Generated by org.testng.reporters.JUnitReportReporter -->
<testsuite hostname="LAPTOP-KLR9KJ5L" failures="0" tests="1" name="group_01.eCommerce_tc_2" time="28.026" errors="0" timestamp="2024-05-26T13:15:23 MDT" skipped="0">
  <testcase classname="group_01.eCommerce_tc_2" name="FillForm" time="28.026"/>
</testsuite> <!-- group_01.eCommerce_tc_2 -->
