<?xml version="1.0" encoding="UTF-8"?>
<!-- Generated by org.testng.reporters.JUnitReportReporter -->
<testsuite hostname="LAPTOP-KLR9KJ5L" failures="0" tests="1" name="group_01.ScrollDemo" time="11.060" errors="0" timestamp="2024-03-10T20:50:58 MST" skipped="0">
  <testcase classname="group_01.ScrollDemo" name="ScrollDemoTest" time="11.060"/>
</testsuite> <!-- group_01.ScrollDemo -->
