<?xml version="1.0" encoding="UTF-8"?>
<!-- Generated by org.testng.reporters.JUnitReportReporter -->
<testsuite hostname="LAPTOP-KLR9KJ5L" failures="0" tests="1" name="group_01.MiscAppium" time="13.171" errors="0" timestamp="2024-05-15T20:59:20 MDT" skipped="0">
  <testcase classname="group_01.MiscAppium" name="MiscAppiumActions" time="13.171"/>
</testsuite> <!-- group_01.MiscAppium -->
